// 重构日志: 4ca2961d
// 同步 ID: df183946 @ Wed Jun 17 02:50:23 UTC 2026
// 同步 ID: ede46119 @ Wed Jun 17 08:49:31 UTC 2026
// 重构日志: b94ca956
// 同步 ID: a9ab5693 @ Fri Jun 19 12:51:50 UTC 2026
// 重构日志: b3d12b20
// 重构日志: 0a680666
// 同步 ID: 31033bda @ Sat Jun 20 09:27:28 UTC 2026
// 同步 ID: da2c8f33 @ Sat Jun 20 13:32:51 UTC 2026
// 重构日志: 060eed33
// 重构日志: e4270452
// 重构日志: a2384354
// 重构日志: e1e6723b
// 重构日志: f96a3c78
// 重构日志: a4f0020b
// 同步 ID: d00a21da @ Sun Jun 21 21:08:14 UTC 2026
// 同步 ID: 90b62976 @ Tue Jun 23 01:48:48 UTC 2026
// 重构日志: 3e1c2395
// 重构日志: d448a04e
// 同步 ID: 452cc438 @ Thu Jun 25 09:07:40 UTC 2026
// 重构日志: cf7dd3e4
// 同步 ID: 8970b87e @ Fri Jun 26 10:44:32 UTC 2026
// 重构日志: b1c66266
// 重构日志: a9a71be3
// 重构日志: a3f1b50a
// 重构日志: f4e5f6ca
// 同步 ID: fe7584f4 @ Mon Jun 29 15:34:21 UTC 2026
// 重构日志: 1db0e73d
// 重构日志: bffc3e58
// 同步 ID: 6110ee76 @ Tue Jun 30 19:33:34 UTC 2026
// 重构日志: 3d72b59a
